<?xml version="1.0" encoding="UTF-8"?>
<!-- Generated by org.testng.reporters.JUnitReportReporter -->
<testsuite skipped="0" hostname="DESKTOP-GMDIF6L" name="com.unit.test.Search_Page_Unit_Test" tests="5" failures="0" timestamp="2020-03-22T00:27:56 CET" time="12.793" errors="0">
  <testcase name="verifyTitle" time="0.774" classname="com.unit.test.Search_Page_Unit_Test"/>
  <system-out/>
  <testcase name="fromDropdown" time="5.209" classname="com.unit.test.Search_Page_Unit_Test"/>
  <system-out/>
  <testcase name="toDropdown" time="2.497" classname="com.unit.test.Search_Page_Unit_Test"/>
  <system-out/>
  <testcase name="selectDate" time="1.665" classname="com.unit.test.Search_Page_Unit_Test"/>
  <system-out/>
  <testcase name="clickSearch" time="2.648" classname="com.unit.test.Search_Page_Unit_Test"/>
  <system-out/>
</testsuite> <!-- com.unit.test.Search_Page_Unit_Test -->
