<?xml version="1.0" encoding="UTF-8"?>
<!-- Generated by org.testng.reporters.JUnitReportReporter -->
<testsuite skipped="0" hostname="DESKTOP-GMDIF6L" name="com.test.Search_Page_Integration_Test" tests="2" failures="0" timestamp="2020-03-23T02:11:03 CET" time="27.168" errors="0">
  <testcase name="searchTicket" time="17.374" classname="com.test.Search_Page_Integration_Test"/>
  <system-out/>
  <testcase name="bookTicket" time="9.794" classname="com.test.Search_Page_Integration_Test"/>
  <system-out/>
</testsuite> <!-- com.test.Search_Page_Integration_Test -->
