<?xml version="1.0" encoding="UTF-8"?>
<!-- Generated by org.testng.reporters.JUnitReportReporter -->
<testsuite skipped="0" hostname="DESKTOP-GMDIF6L" name="com.test.Search_Page_Unit_Test" tests="5" failures="0" timestamp="2020-03-23T02:10:10 CET" time="16.261" errors="0">
  <testcase name="verifyTitle" time="2.274" classname="com.test.Search_Page_Unit_Test"/>
  <system-out/>
  <testcase name="from" time="7.325" classname="com.test.Search_Page_Unit_Test"/>
  <system-out/>
  <testcase name="to" time="2.400" classname="com.test.Search_Page_Unit_Test"/>
  <system-out/>
  <testcase name="date" time="1.626" classname="com.test.Search_Page_Unit_Test"/>
  <system-out/>
  <testcase name="search" time="2.636" classname="com.test.Search_Page_Unit_Test"/>
  <system-out/>
</testsuite> <!-- com.test.Search_Page_Unit_Test -->
